

*******************************************************************************
Thu May  7 14:14:52 2020


FIT:    data read from "out.times.txt"
        format = z
        #datapoints = 13
        residuals are weighted equally (unit weight)

function used for fitting: f(x)
	f(x)=b+(x/a)**c
fitted parameters initialized with current variable values

iter      chisq       delta/lim  lambda   a             b            
   0 9.2932959724e+01   0.00e+00  3.98e+00    9.000000e+01   1.000000e+00
   7 2.1219144179e-03  -1.93e-01  3.98e-07    2.525955e+02   2.318101e-02

After 7 iterations the fit converged.
final sum of squares of residuals : 0.00212191
rel. change during last iteration : -1.92693e-06

degrees of freedom    (FIT_NDF)                        : 11
rms of residuals      (FIT_STDFIT) = sqrt(WSSR/ndf)    : 0.0138889
variance of residuals (reduced chisquare) = WSSR/ndf   : 0.000192901

Final set of parameters            Asymptotic Standard Error
=======================            ==========================
a               = 252.595          +/- 8.521        (3.374%)
b               = 0.023181         +/- 0.008454     (36.47%)

correlation matrix of the fit parameters:
                a      b      
a               1.000 
b               0.890  1.000 
